[4.537s] DEBUG:colcon:Command line arguments: ['/usr/bin/colcon', 'build']
[4.538s] DEBUG:colcon:Parsed command line arguments: Namespace(log_base=None, log_level=None, verb_name='build', build_base='build', install_base='install', merge_install=False, symlink_install=False, test_result_base=None, continue_on_error=False, executor='parallel', parallel_workers=4, event_handlers=None, ignore_user_meta=False, metas=['./colcon.meta'], base_paths=['.'], packages_ignore=None, packages_ignore_regex=None, paths=None, packages_up_to=None, packages_up_to_regex=None, packages_above=None, packages_above_and_dependencies=None, packages_above_depth=None, packages_select_by_dep=None, packages_skip_by_dep=None, packages_skip_up_to=None, packages_select_build_failed=False, packages_skip_build_finished=False, packages_select_test_failures=False, packages_skip_test_passed=False, packages_select=None, packages_skip=None, packages_select_regex=None, packages_skip_regex=None, packages_start=None, packages_end=None, allow_overriding=[], cmake_args=None, cmake_target=None, cmake_target_skip_unavailable=False, cmake_clean_cache=False, cmake_clean_first=False, cmake_force_configure=False, ament_cmake_args=None, catkin_cmake_args=None, catkin_skip_building_tests=False, verb_parser=<colcon_defaults.argument_parser.defaults.DefaultArgumentsDecorator object at 0x7ae1daf1a710>, verb_extension=<colcon_core.verb.build.BuildVerb object at 0x7ae1db0e7520>, main=<bound method BuildVerb.main of <colcon_core.verb.build.BuildVerb object at 0x7ae1db0e7520>>)
[9.372s] Level 1:colcon.colcon_core.package_discovery:discover_packages(colcon_meta) check parameters
[9.372s] Level 1:colcon.colcon_core.package_discovery:discover_packages(recursive) check parameters
[9.373s] Level 1:colcon.colcon_core.package_discovery:discover_packages(ignore) check parameters
[9.373s] Level 1:colcon.colcon_core.package_discovery:discover_packages(path) check parameters
[9.373s] Level 1:colcon.colcon_core.package_discovery:discover_packages(colcon_meta) discover
[9.373s] Level 1:colcon.colcon_core.package_discovery:discover_packages(recursive) discover
[9.373s] INFO:colcon.colcon_core.package_discovery:Crawling recursively for packages in '/home/abdelaali/dev_ws'
[9.374s] Level 1:colcon.colcon_core.package_identification:_identify(.) by extensions ['ignore', 'ignore_ament_install']
[9.374s] Level 1:colcon.colcon_core.package_identification:_identify(.) by extension 'ignore'
[9.374s] Level 1:colcon.colcon_core.package_identification:_identify(.) by extension 'ignore_ament_install'
[9.374s] Level 1:colcon.colcon_core.package_identification:_identify(.) by extensions ['colcon_pkg']
[9.375s] Level 1:colcon.colcon_core.package_identification:_identify(.) by extension 'colcon_pkg'
[9.375s] Level 1:colcon.colcon_core.package_identification:_identify(.) by extensions ['colcon_meta']
[9.375s] Level 1:colcon.colcon_core.package_identification:_identify(.) by extension 'colcon_meta'
[9.375s] Level 1:colcon.colcon_core.package_identification:_identify(.) by extensions ['ros']
[9.375s] Level 1:colcon.colcon_core.package_identification:_identify(.) by extension 'ros'
[9.539s] Level 1:colcon.colcon_core.package_identification:_identify(.) by extensions ['cmake', 'python']
[9.539s] Level 1:colcon.colcon_core.package_identification:_identify(.) by extension 'cmake'
[9.539s] Level 1:colcon.colcon_core.package_identification:_identify(.) by extension 'python'
[9.539s] Level 1:colcon.colcon_core.package_identification:_identify(.) by extensions ['python_setup_py']
[9.539s] Level 1:colcon.colcon_core.package_identification:_identify(.) by extension 'python_setup_py'
[9.539s] Level 1:colcon.colcon_core.package_identification:_identify(build) by extensions ['ignore', 'ignore_ament_install']
[9.539s] Level 1:colcon.colcon_core.package_identification:_identify(build) by extension 'ignore'
[9.539s] Level 1:colcon.colcon_core.package_identification:_identify(build) ignored
[9.540s] Level 1:colcon.colcon_core.package_identification:_identify(install) by extensions ['ignore', 'ignore_ament_install']
[9.540s] Level 1:colcon.colcon_core.package_identification:_identify(install) by extension 'ignore'
[9.540s] Level 1:colcon.colcon_core.package_identification:_identify(install) ignored
[9.540s] Level 1:colcon.colcon_core.package_identification:_identify(log) by extensions ['ignore', 'ignore_ament_install']
[9.540s] Level 1:colcon.colcon_core.package_identification:_identify(log) by extension 'ignore'
[9.540s] Level 1:colcon.colcon_core.package_identification:_identify(log) ignored
[9.540s] Level 1:colcon.colcon_core.package_identification:_identify(src) by extensions ['ignore', 'ignore_ament_install']
[9.541s] Level 1:colcon.colcon_core.package_identification:_identify(src) by extension 'ignore'
[9.541s] Level 1:colcon.colcon_core.package_identification:_identify(src) by extension 'ignore_ament_install'
[9.541s] Level 1:colcon.colcon_core.package_identification:_identify(src) by extensions ['colcon_pkg']
[9.541s] Level 1:colcon.colcon_core.package_identification:_identify(src) by extension 'colcon_pkg'
[9.541s] Level 1:colcon.colcon_core.package_identification:_identify(src) by extensions ['colcon_meta']
[9.541s] Level 1:colcon.colcon_core.package_identification:_identify(src) by extension 'colcon_meta'
[9.541s] Level 1:colcon.colcon_core.package_identification:_identify(src) by extensions ['ros']
[9.541s] Level 1:colcon.colcon_core.package_identification:_identify(src) by extension 'ros'
[9.541s] Level 1:colcon.colcon_core.package_identification:_identify(src) by extensions ['cmake', 'python']
[9.541s] Level 1:colcon.colcon_core.package_identification:_identify(src) by extension 'cmake'
[9.541s] Level 1:colcon.colcon_core.package_identification:_identify(src) by extension 'python'
[9.541s] Level 1:colcon.colcon_core.package_identification:_identify(src) by extensions ['python_setup_py']
[9.541s] Level 1:colcon.colcon_core.package_identification:_identify(src) by extension 'python_setup_py'
[9.557s] Level 1:colcon.colcon_core.package_identification:_identify(src/two_wheeled_robot) by extensions ['ignore', 'ignore_ament_install']
[9.557s] Level 1:colcon.colcon_core.package_identification:_identify(src/two_wheeled_robot) by extension 'ignore'
[9.557s] Level 1:colcon.colcon_core.package_identification:_identify(src/two_wheeled_robot) by extension 'ignore_ament_install'
[9.557s] Level 1:colcon.colcon_core.package_identification:_identify(src/two_wheeled_robot) by extensions ['colcon_pkg']
[9.557s] Level 1:colcon.colcon_core.package_identification:_identify(src/two_wheeled_robot) by extension 'colcon_pkg'
[9.558s] Level 1:colcon.colcon_core.package_identification:_identify(src/two_wheeled_robot) by extensions ['colcon_meta']
[9.558s] Level 1:colcon.colcon_core.package_identification:_identify(src/two_wheeled_robot) by extension 'colcon_meta'
[9.558s] Level 1:colcon.colcon_core.package_identification:_identify(src/two_wheeled_robot) by extensions ['ros']
[9.558s] Level 1:colcon.colcon_core.package_identification:_identify(src/two_wheeled_robot) by extension 'ros'
[9.591s] DEBUG:colcon.colcon_core.package_identification:Package 'src/two_wheeled_robot' with type 'ros.ament_cmake' and name 'two_wheeled_robot'
[9.592s] Level 1:colcon.colcon_core.package_discovery:discover_packages(recursive) using defaults
[9.592s] Level 1:colcon.colcon_core.package_discovery:discover_packages(ignore) discover
[9.592s] Level 1:colcon.colcon_core.package_discovery:discover_packages(ignore) using defaults
[9.592s] Level 1:colcon.colcon_core.package_discovery:discover_packages(path) discover
[9.592s] Level 1:colcon.colcon_core.package_discovery:discover_packages(path) using defaults
[9.873s] Level 1:colcon.colcon_core.package_discovery:discover_packages(prefix_path) check parameters
[9.873s] Level 1:colcon.colcon_core.package_discovery:discover_packages(prefix_path) discover
[9.883s] DEBUG:colcon.colcon_installed_package_information.package_discovery:Found 1 installed packages in /home/abdelaali/dev_ws/install
[9.886s] DEBUG:colcon.colcon_installed_package_information.package_discovery:Found 411 installed packages in /opt/ros/humble
[9.891s] Level 1:colcon.colcon_core.package_discovery:discover_packages(prefix_path) using defaults
[10.042s] Level 5:colcon.colcon_core.verb:set package 'two_wheeled_robot' build argument 'cmake_args' from command line to 'None'
[10.042s] Level 5:colcon.colcon_core.verb:set package 'two_wheeled_robot' build argument 'cmake_target' from command line to 'None'
[10.042s] Level 5:colcon.colcon_core.verb:set package 'two_wheeled_robot' build argument 'cmake_target_skip_unavailable' from command line to 'False'
[10.042s] Level 5:colcon.colcon_core.verb:set package 'two_wheeled_robot' build argument 'cmake_clean_cache' from command line to 'False'
[10.042s] Level 5:colcon.colcon_core.verb:set package 'two_wheeled_robot' build argument 'cmake_clean_first' from command line to 'False'
[10.042s] Level 5:colcon.colcon_core.verb:set package 'two_wheeled_robot' build argument 'cmake_force_configure' from command line to 'False'
[10.042s] Level 5:colcon.colcon_core.verb:set package 'two_wheeled_robot' build argument 'ament_cmake_args' from command line to 'None'
[10.042s] Level 5:colcon.colcon_core.verb:set package 'two_wheeled_robot' build argument 'catkin_cmake_args' from command line to 'None'
[10.042s] Level 5:colcon.colcon_core.verb:set package 'two_wheeled_robot' build argument 'catkin_skip_building_tests' from command line to 'False'
[10.042s] DEBUG:colcon.colcon_core.verb:Building package 'two_wheeled_robot' with the following arguments: {'ament_cmake_args': None, 'build_base': '/home/abdelaali/dev_ws/build/two_wheeled_robot', 'catkin_cmake_args': None, 'catkin_skip_building_tests': False, 'cmake_args': None, 'cmake_clean_cache': False, 'cmake_clean_first': False, 'cmake_force_configure': False, 'cmake_target': None, 'cmake_target_skip_unavailable': False, 'install_base': '/home/abdelaali/dev_ws/install/two_wheeled_robot', 'merge_install': False, 'path': '/home/abdelaali/dev_ws/src/two_wheeled_robot', 'symlink_install': False, 'test_result_base': None}
[10.043s] INFO:colcon.colcon_core.executor:Executing jobs using 'parallel' executor
[10.046s] DEBUG:colcon.colcon_parallel_executor.executor.parallel:run_until_complete
[10.047s] INFO:colcon.colcon_ros.task.ament_cmake.build:Building ROS package in '/home/abdelaali/dev_ws/src/two_wheeled_robot' with build type 'ament_cmake'
[10.048s] INFO:colcon.colcon_cmake.task.cmake.build:Building CMake package in '/home/abdelaali/dev_ws/src/two_wheeled_robot'
[10.070s] INFO:colcon.colcon_core.plugin_system:Skipping extension 'colcon_core.shell.bat': Not used on non-Windows systems
[10.071s] INFO:colcon.colcon_core.shell:Skip shell extension 'powershell' for command environment: Not usable outside of PowerShell
[10.071s] DEBUG:colcon.colcon_core.shell:Skip shell extension 'dsv' for command environment
[10.137s] DEBUG:colcon.colcon_core.event_handler.log_command:Invoking command in '/home/abdelaali/dev_ws/build/two_wheeled_robot': CMAKE_PREFIX_PATH=${CMAKE_PREFIX_PATH}:/opt/ros/humble /usr/bin/cmake --build /home/abdelaali/dev_ws/build/two_wheeled_robot -- -j4 -l4
[12.023s] DEBUG:colcon.colcon_core.event_handler.log_command:Invoked command in '/home/abdelaali/dev_ws/build/two_wheeled_robot' returned '0': CMAKE_PREFIX_PATH=${CMAKE_PREFIX_PATH}:/opt/ros/humble /usr/bin/cmake --build /home/abdelaali/dev_ws/build/two_wheeled_robot -- -j4 -l4
[12.084s] DEBUG:colcon.colcon_core.event_handler.log_command:Invoking command in '/home/abdelaali/dev_ws/build/two_wheeled_robot': CMAKE_PREFIX_PATH=${CMAKE_PREFIX_PATH}:/opt/ros/humble /usr/bin/cmake --install /home/abdelaali/dev_ws/build/two_wheeled_robot
[13.049s] Level 1:colcon.colcon_core.environment:create_environment_scripts_only(two_wheeled_robot)
[13.051s] DEBUG:colcon.colcon_core.event_handler.log_command:Invoked command in '/home/abdelaali/dev_ws/build/two_wheeled_robot' returned '0': CMAKE_PREFIX_PATH=${CMAKE_PREFIX_PATH}:/opt/ros/humble /usr/bin/cmake --install /home/abdelaali/dev_ws/build/two_wheeled_robot
[13.147s] Level 1:colcon.colcon_core.environment:checking '/home/abdelaali/dev_ws/install/two_wheeled_robot' for CMake module files
[13.150s] Level 1:colcon.colcon_core.environment:checking '/home/abdelaali/dev_ws/install/two_wheeled_robot' for CMake config files
[13.202s] Level 1:colcon.colcon_core.shell:create_environment_hook('two_wheeled_robot', 'cmake_prefix_path')
[13.203s] INFO:colcon.colcon_core.shell:Creating environment hook '/home/abdelaali/dev_ws/install/two_wheeled_robot/share/two_wheeled_robot/hook/cmake_prefix_path.ps1'
[13.212s] INFO:colcon.colcon_core.shell:Creating environment descriptor '/home/abdelaali/dev_ws/install/two_wheeled_robot/share/two_wheeled_robot/hook/cmake_prefix_path.dsv'
[13.235s] INFO:colcon.colcon_core.shell:Creating environment hook '/home/abdelaali/dev_ws/install/two_wheeled_robot/share/two_wheeled_robot/hook/cmake_prefix_path.sh'
[13.239s] Level 1:colcon.colcon_core.environment:checking '/home/abdelaali/dev_ws/install/two_wheeled_robot/lib'
[13.240s] Level 1:colcon.colcon_core.environment:checking '/home/abdelaali/dev_ws/install/two_wheeled_robot/bin'
[13.240s] Level 1:colcon.colcon_core.environment:checking '/home/abdelaali/dev_ws/install/two_wheeled_robot/lib/pkgconfig/two_wheeled_robot.pc'
[13.241s] Level 1:colcon.colcon_core.environment:checking '/home/abdelaali/dev_ws/install/two_wheeled_robot/lib/python3.10/site-packages'
[13.241s] Level 1:colcon.colcon_core.environment:checking '/home/abdelaali/dev_ws/install/two_wheeled_robot/bin'
[13.242s] INFO:colcon.colcon_core.shell:Creating package script '/home/abdelaali/dev_ws/install/two_wheeled_robot/share/two_wheeled_robot/package.ps1'
[13.244s] INFO:colcon.colcon_core.shell:Creating package descriptor '/home/abdelaali/dev_ws/install/two_wheeled_robot/share/two_wheeled_robot/package.dsv'
[13.245s] INFO:colcon.colcon_core.shell:Creating package script '/home/abdelaali/dev_ws/install/two_wheeled_robot/share/two_wheeled_robot/package.sh'
[13.248s] INFO:colcon.colcon_core.shell:Creating package script '/home/abdelaali/dev_ws/install/two_wheeled_robot/share/two_wheeled_robot/package.bash'
[13.264s] INFO:colcon.colcon_core.shell:Creating package script '/home/abdelaali/dev_ws/install/two_wheeled_robot/share/two_wheeled_robot/package.zsh'
[13.268s] Level 1:colcon.colcon_core.environment:create_file_with_runtime_dependencies(/home/abdelaali/dev_ws/install/two_wheeled_robot/share/colcon-core/packages/two_wheeled_robot)
[13.270s] Level 1:colcon.colcon_core.environment:create_environment_scripts_only(two_wheeled_robot)
[13.271s] Level 1:colcon.colcon_core.environment:checking '/home/abdelaali/dev_ws/install/two_wheeled_robot' for CMake module files
[13.273s] Level 1:colcon.colcon_core.environment:checking '/home/abdelaali/dev_ws/install/two_wheeled_robot' for CMake config files
[13.310s] Level 1:colcon.colcon_core.shell:create_environment_hook('two_wheeled_robot', 'cmake_prefix_path')
[13.311s] INFO:colcon.colcon_core.shell:Creating environment hook '/home/abdelaali/dev_ws/install/two_wheeled_robot/share/two_wheeled_robot/hook/cmake_prefix_path.ps1'
[13.312s] INFO:colcon.colcon_core.shell:Creating environment descriptor '/home/abdelaali/dev_ws/install/two_wheeled_robot/share/two_wheeled_robot/hook/cmake_prefix_path.dsv'
[13.313s] INFO:colcon.colcon_core.shell:Creating environment hook '/home/abdelaali/dev_ws/install/two_wheeled_robot/share/two_wheeled_robot/hook/cmake_prefix_path.sh'
[13.315s] Level 1:colcon.colcon_core.environment:checking '/home/abdelaali/dev_ws/install/two_wheeled_robot/lib'
[13.315s] Level 1:colcon.colcon_core.environment:checking '/home/abdelaali/dev_ws/install/two_wheeled_robot/bin'
[13.315s] Level 1:colcon.colcon_core.environment:checking '/home/abdelaali/dev_ws/install/two_wheeled_robot/lib/pkgconfig/two_wheeled_robot.pc'
[13.316s] Level 1:colcon.colcon_core.environment:checking '/home/abdelaali/dev_ws/install/two_wheeled_robot/lib/python3.10/site-packages'
[13.317s] Level 1:colcon.colcon_core.environment:checking '/home/abdelaali/dev_ws/install/two_wheeled_robot/bin'
[13.317s] INFO:colcon.colcon_core.shell:Creating package script '/home/abdelaali/dev_ws/install/two_wheeled_robot/share/two_wheeled_robot/package.ps1'
[13.319s] INFO:colcon.colcon_core.shell:Creating package descriptor '/home/abdelaali/dev_ws/install/two_wheeled_robot/share/two_wheeled_robot/package.dsv'
[13.320s] INFO:colcon.colcon_core.shell:Creating package script '/home/abdelaali/dev_ws/install/two_wheeled_robot/share/two_wheeled_robot/package.sh'
[13.322s] INFO:colcon.colcon_core.shell:Creating package script '/home/abdelaali/dev_ws/install/two_wheeled_robot/share/two_wheeled_robot/package.bash'
[13.323s] INFO:colcon.colcon_core.shell:Creating package script '/home/abdelaali/dev_ws/install/two_wheeled_robot/share/two_wheeled_robot/package.zsh'
[13.325s] Level 1:colcon.colcon_core.environment:create_file_with_runtime_dependencies(/home/abdelaali/dev_ws/install/two_wheeled_robot/share/colcon-core/packages/two_wheeled_robot)
[13.326s] DEBUG:colcon.colcon_parallel_executor.executor.parallel:closing loop
[13.326s] DEBUG:colcon.colcon_parallel_executor.executor.parallel:loop closed
[13.327s] DEBUG:colcon.colcon_parallel_executor.executor.parallel:run_until_complete finished with '0'
[13.327s] DEBUG:colcon.colcon_core.event_reactor:joining thread
[13.343s] INFO:colcon.colcon_core.plugin_system:Skipping extension 'colcon_notification.desktop_notification.terminal_notifier': Not used on non-Darwin systems
[13.343s] INFO:colcon.colcon_core.plugin_system:Skipping extension 'colcon_notification.desktop_notification.win32': Not used on non-Windows systems
[13.343s] INFO:colcon.colcon_notification.desktop_notification:Sending desktop notification using 'notify2'
[13.409s] DEBUG:colcon.colcon_core.event_reactor:joined thread
[13.410s] INFO:colcon.colcon_core.shell:Creating prefix script '/home/abdelaali/dev_ws/install/local_setup.ps1'
[13.413s] INFO:colcon.colcon_core.shell:Creating prefix util module '/home/abdelaali/dev_ws/install/_local_setup_util_ps1.py'
[13.418s] INFO:colcon.colcon_core.shell:Creating prefix chain script '/home/abdelaali/dev_ws/install/setup.ps1'
[13.421s] INFO:colcon.colcon_core.shell:Creating prefix script '/home/abdelaali/dev_ws/install/local_setup.sh'
[13.422s] INFO:colcon.colcon_core.shell:Creating prefix util module '/home/abdelaali/dev_ws/install/_local_setup_util_sh.py'
[13.424s] INFO:colcon.colcon_core.shell:Creating prefix chain script '/home/abdelaali/dev_ws/install/setup.sh'
[13.427s] INFO:colcon.colcon_core.shell:Creating prefix script '/home/abdelaali/dev_ws/install/local_setup.bash'
[13.429s] INFO:colcon.colcon_core.shell:Creating prefix chain script '/home/abdelaali/dev_ws/install/setup.bash'
[13.432s] INFO:colcon.colcon_core.shell:Creating prefix script '/home/abdelaali/dev_ws/install/local_setup.zsh'
[13.435s] INFO:colcon.colcon_core.shell:Creating prefix chain script '/home/abdelaali/dev_ws/install/setup.zsh'
