[0.258s] DEBUG:colcon:Command line arguments: ['/usr/bin/colcon', 'build']
[0.259s] DEBUG:colcon:Parsed command line arguments: Namespace(log_base=None, log_level=None, verb_name='build', build_base='build', install_base='install', merge_install=False, symlink_install=False, test_result_base=None, continue_on_error=False, executor='parallel', parallel_workers=4, event_handlers=None, ignore_user_meta=False, metas=['./colcon.meta'], base_paths=['.'], packages_ignore=None, packages_ignore_regex=None, paths=None, packages_up_to=None, packages_up_to_regex=None, packages_above=None, packages_above_and_dependencies=None, packages_above_depth=None, packages_select_by_dep=None, packages_skip_by_dep=None, packages_skip_up_to=None, packages_select_build_failed=False, packages_skip_build_finished=False, packages_select_test_failures=False, packages_skip_test_passed=False, packages_select=None, packages_skip=None, packages_select_regex=None, packages_skip_regex=None, packages_start=None, packages_end=None, allow_overriding=[], cmake_args=None, cmake_target=None, cmake_target_skip_unavailable=False, cmake_clean_cache=False, cmake_clean_first=False, cmake_force_configure=False, ament_cmake_args=None, catkin_cmake_args=None, catkin_skip_building_tests=False, verb_parser=<colcon_defaults.argument_parser.defaults.DefaultArgumentsDecorator object at 0x7e3078a72710>, verb_extension=<colcon_core.verb.build.BuildVerb object at 0x7e3078bef520>, main=<bound method BuildVerb.main of <colcon_core.verb.build.BuildVerb object at 0x7e3078bef520>>)
[0.681s] Level 1:colcon.colcon_core.package_discovery:discover_packages(colcon_meta) check parameters
[0.681s] Level 1:colcon.colcon_core.package_discovery:discover_packages(recursive) check parameters
[0.681s] Level 1:colcon.colcon_core.package_discovery:discover_packages(ignore) check parameters
[0.682s] Level 1:colcon.colcon_core.package_discovery:discover_packages(path) check parameters
[0.682s] Level 1:colcon.colcon_core.package_discovery:discover_packages(colcon_meta) discover
[0.682s] Level 1:colcon.colcon_core.package_discovery:discover_packages(recursive) discover
[0.682s] INFO:colcon.colcon_core.package_discovery:Crawling recursively for packages in '/home/abdelaali/dev_ws'
[0.682s] Level 1:colcon.colcon_core.package_identification:_identify(.) by extensions ['ignore', 'ignore_ament_install']
[0.682s] Level 1:colcon.colcon_core.package_identification:_identify(.) by extension 'ignore'
[0.682s] Level 1:colcon.colcon_core.package_identification:_identify(.) by extension 'ignore_ament_install'
[0.682s] Level 1:colcon.colcon_core.package_identification:_identify(.) by extensions ['colcon_pkg']
[0.683s] Level 1:colcon.colcon_core.package_identification:_identify(.) by extension 'colcon_pkg'
[0.683s] Level 1:colcon.colcon_core.package_identification:_identify(.) by extensions ['colcon_meta']
[0.683s] Level 1:colcon.colcon_core.package_identification:_identify(.) by extension 'colcon_meta'
[0.683s] Level 1:colcon.colcon_core.package_identification:_identify(.) by extensions ['ros']
[0.683s] Level 1:colcon.colcon_core.package_identification:_identify(.) by extension 'ros'
[0.760s] Level 1:colcon.colcon_core.package_identification:_identify(.) by extensions ['cmake', 'python']
[0.760s] Level 1:colcon.colcon_core.package_identification:_identify(.) by extension 'cmake'
[0.761s] Level 1:colcon.colcon_core.package_identification:_identify(.) by extension 'python'
[0.761s] Level 1:colcon.colcon_core.package_identification:_identify(.) by extensions ['python_setup_py']
[0.761s] Level 1:colcon.colcon_core.package_identification:_identify(.) by extension 'python_setup_py'
[0.761s] Level 1:colcon.colcon_core.package_identification:_identify(build) by extensions ['ignore', 'ignore_ament_install']
[0.761s] Level 1:colcon.colcon_core.package_identification:_identify(build) by extension 'ignore'
[0.761s] Level 1:colcon.colcon_core.package_identification:_identify(build) ignored
[0.762s] Level 1:colcon.colcon_core.package_identification:_identify(install) by extensions ['ignore', 'ignore_ament_install']
[0.762s] Level 1:colcon.colcon_core.package_identification:_identify(install) by extension 'ignore'
[0.762s] Level 1:colcon.colcon_core.package_identification:_identify(install) ignored
[0.762s] Level 1:colcon.colcon_core.package_identification:_identify(log) by extensions ['ignore', 'ignore_ament_install']
[0.762s] Level 1:colcon.colcon_core.package_identification:_identify(log) by extension 'ignore'
[0.762s] Level 1:colcon.colcon_core.package_identification:_identify(log) ignored
[0.763s] Level 1:colcon.colcon_core.package_identification:_identify(src) by extensions ['ignore', 'ignore_ament_install']
[0.763s] Level 1:colcon.colcon_core.package_identification:_identify(src) by extension 'ignore'
[0.763s] Level 1:colcon.colcon_core.package_identification:_identify(src) by extension 'ignore_ament_install'
[0.763s] Level 1:colcon.colcon_core.package_identification:_identify(src) by extensions ['colcon_pkg']
[0.763s] Level 1:colcon.colcon_core.package_identification:_identify(src) by extension 'colcon_pkg'
[0.763s] Level 1:colcon.colcon_core.package_identification:_identify(src) by extensions ['colcon_meta']
[0.763s] Level 1:colcon.colcon_core.package_identification:_identify(src) by extension 'colcon_meta'
[0.763s] Level 1:colcon.colcon_core.package_identification:_identify(src) by extensions ['ros']
[0.763s] Level 1:colcon.colcon_core.package_identification:_identify(src) by extension 'ros'
[0.763s] Level 1:colcon.colcon_core.package_identification:_identify(src) by extensions ['cmake', 'python']
[0.764s] Level 1:colcon.colcon_core.package_identification:_identify(src) by extension 'cmake'
[0.764s] Level 1:colcon.colcon_core.package_identification:_identify(src) by extension 'python'
[0.764s] Level 1:colcon.colcon_core.package_identification:_identify(src) by extensions ['python_setup_py']
[0.764s] Level 1:colcon.colcon_core.package_identification:_identify(src) by extension 'python_setup_py'
[0.764s] Level 1:colcon.colcon_core.package_identification:_identify(src/two_wheeled_robot) by extensions ['ignore', 'ignore_ament_install']
[0.764s] Level 1:colcon.colcon_core.package_identification:_identify(src/two_wheeled_robot) by extension 'ignore'
[0.764s] Level 1:colcon.colcon_core.package_identification:_identify(src/two_wheeled_robot) by extension 'ignore_ament_install'
[0.764s] Level 1:colcon.colcon_core.package_identification:_identify(src/two_wheeled_robot) by extensions ['colcon_pkg']
[0.764s] Level 1:colcon.colcon_core.package_identification:_identify(src/two_wheeled_robot) by extension 'colcon_pkg'
[0.764s] Level 1:colcon.colcon_core.package_identification:_identify(src/two_wheeled_robot) by extensions ['colcon_meta']
[0.765s] Level 1:colcon.colcon_core.package_identification:_identify(src/two_wheeled_robot) by extension 'colcon_meta'
[0.765s] Level 1:colcon.colcon_core.package_identification:_identify(src/two_wheeled_robot) by extensions ['ros']
[0.765s] Level 1:colcon.colcon_core.package_identification:_identify(src/two_wheeled_robot) by extension 'ros'
[0.770s] DEBUG:colcon.colcon_core.package_identification:Package 'src/two_wheeled_robot' with type 'ros.ament_cmake' and name 'two_wheeled_robot'
[0.770s] Level 1:colcon.colcon_core.package_discovery:discover_packages(recursive) using defaults
[0.770s] Level 1:colcon.colcon_core.package_discovery:discover_packages(ignore) discover
[0.770s] Level 1:colcon.colcon_core.package_discovery:discover_packages(ignore) using defaults
[0.770s] Level 1:colcon.colcon_core.package_discovery:discover_packages(path) discover
[0.770s] Level 1:colcon.colcon_core.package_discovery:discover_packages(path) using defaults
[0.813s] Level 1:colcon.colcon_core.package_discovery:discover_packages(prefix_path) check parameters
[0.813s] Level 1:colcon.colcon_core.package_discovery:discover_packages(prefix_path) discover
[0.817s] DEBUG:colcon.colcon_installed_package_information.package_discovery:Found 1 installed packages in /home/abdelaali/dev_ws/install
[0.821s] DEBUG:colcon.colcon_installed_package_information.package_discovery:Found 411 installed packages in /opt/ros/humble
[0.826s] Level 1:colcon.colcon_core.package_discovery:discover_packages(prefix_path) using defaults
[0.939s] Level 5:colcon.colcon_core.verb:set package 'two_wheeled_robot' build argument 'cmake_args' from command line to 'None'
[0.939s] Level 5:colcon.colcon_core.verb:set package 'two_wheeled_robot' build argument 'cmake_target' from command line to 'None'
[0.939s] Level 5:colcon.colcon_core.verb:set package 'two_wheeled_robot' build argument 'cmake_target_skip_unavailable' from command line to 'False'
[0.939s] Level 5:colcon.colcon_core.verb:set package 'two_wheeled_robot' build argument 'cmake_clean_cache' from command line to 'False'
[0.939s] Level 5:colcon.colcon_core.verb:set package 'two_wheeled_robot' build argument 'cmake_clean_first' from command line to 'False'
[0.939s] Level 5:colcon.colcon_core.verb:set package 'two_wheeled_robot' build argument 'cmake_force_configure' from command line to 'False'
[0.939s] Level 5:colcon.colcon_core.verb:set package 'two_wheeled_robot' build argument 'ament_cmake_args' from command line to 'None'
[0.939s] Level 5:colcon.colcon_core.verb:set package 'two_wheeled_robot' build argument 'catkin_cmake_args' from command line to 'None'
[0.939s] Level 5:colcon.colcon_core.verb:set package 'two_wheeled_robot' build argument 'catkin_skip_building_tests' from command line to 'False'
[0.940s] DEBUG:colcon.colcon_core.verb:Building package 'two_wheeled_robot' with the following arguments: {'ament_cmake_args': None, 'build_base': '/home/abdelaali/dev_ws/build/two_wheeled_robot', 'catkin_cmake_args': None, 'catkin_skip_building_tests': False, 'cmake_args': None, 'cmake_clean_cache': False, 'cmake_clean_first': False, 'cmake_force_configure': False, 'cmake_target': None, 'cmake_target_skip_unavailable': False, 'install_base': '/home/abdelaali/dev_ws/install/two_wheeled_robot', 'merge_install': False, 'path': '/home/abdelaali/dev_ws/src/two_wheeled_robot', 'symlink_install': False, 'test_result_base': None}
[0.940s] INFO:colcon.colcon_core.executor:Executing jobs using 'parallel' executor
[0.943s] DEBUG:colcon.colcon_parallel_executor.executor.parallel:run_until_complete
[0.944s] INFO:colcon.colcon_ros.task.ament_cmake.build:Building ROS package in '/home/abdelaali/dev_ws/src/two_wheeled_robot' with build type 'ament_cmake'
[0.944s] INFO:colcon.colcon_cmake.task.cmake.build:Building CMake package in '/home/abdelaali/dev_ws/src/two_wheeled_robot'
[0.949s] INFO:colcon.colcon_core.plugin_system:Skipping extension 'colcon_core.shell.bat': Not used on non-Windows systems
[0.950s] INFO:colcon.colcon_core.shell:Skip shell extension 'powershell' for command environment: Not usable outside of PowerShell
[0.950s] DEBUG:colcon.colcon_core.shell:Skip shell extension 'dsv' for command environment
[0.993s] DEBUG:colcon.colcon_core.event_handler.log_command:Invoking command in '/home/abdelaali/dev_ws/build/two_wheeled_robot': CMAKE_PREFIX_PATH=/home/abdelaali/dev_ws/install/two_wheeled_robot:/opt/ros/humble /usr/bin/cmake --build /home/abdelaali/dev_ws/build/two_wheeled_robot -- -j4 -l4
[1.853s] DEBUG:colcon.colcon_core.event_handler.log_command:Invoked command in '/home/abdelaali/dev_ws/build/two_wheeled_robot' returned '0': CMAKE_PREFIX_PATH=/home/abdelaali/dev_ws/install/two_wheeled_robot:/opt/ros/humble /usr/bin/cmake --build /home/abdelaali/dev_ws/build/two_wheeled_robot -- -j4 -l4
[1.877s] DEBUG:colcon.colcon_core.event_handler.log_command:Invoking command in '/home/abdelaali/dev_ws/build/two_wheeled_robot': CMAKE_PREFIX_PATH=/home/abdelaali/dev_ws/install/two_wheeled_robot:/opt/ros/humble /usr/bin/cmake --install /home/abdelaali/dev_ws/build/two_wheeled_robot
[2.217s] Level 1:colcon.colcon_core.environment:create_environment_scripts_only(two_wheeled_robot)
[2.280s] Level 1:colcon.colcon_core.environment:checking '/home/abdelaali/dev_ws/install/two_wheeled_robot' for CMake module files
[2.302s] Level 1:colcon.colcon_core.environment:checking '/home/abdelaali/dev_ws/install/two_wheeled_robot' for CMake config files
[2.725s] DEBUG:colcon.colcon_core.event_handler.log_command:Invoked command in '/home/abdelaali/dev_ws/build/two_wheeled_robot' returned '0': CMAKE_PREFIX_PATH=/home/abdelaali/dev_ws/install/two_wheeled_robot:/opt/ros/humble /usr/bin/cmake --install /home/abdelaali/dev_ws/build/two_wheeled_robot
[2.774s] Level 1:colcon.colcon_core.shell:create_environment_hook('two_wheeled_robot', 'cmake_prefix_path')
[2.775s] INFO:colcon.colcon_core.shell:Creating environment hook '/home/abdelaali/dev_ws/install/two_wheeled_robot/share/two_wheeled_robot/hook/cmake_prefix_path.ps1'
[2.795s] INFO:colcon.colcon_core.shell:Creating environment descriptor '/home/abdelaali/dev_ws/install/two_wheeled_robot/share/two_wheeled_robot/hook/cmake_prefix_path.dsv'
[2.818s] INFO:colcon.colcon_core.shell:Creating environment hook '/home/abdelaali/dev_ws/install/two_wheeled_robot/share/two_wheeled_robot/hook/cmake_prefix_path.sh'
[2.822s] Level 1:colcon.colcon_core.environment:checking '/home/abdelaali/dev_ws/install/two_wheeled_robot/lib'
[2.823s] Level 1:colcon.colcon_core.environment:checking '/home/abdelaali/dev_ws/install/two_wheeled_robot/bin'
[2.823s] Level 1:colcon.colcon_core.environment:checking '/home/abdelaali/dev_ws/install/two_wheeled_robot/lib/pkgconfig/two_wheeled_robot.pc'
[2.824s] Level 1:colcon.colcon_core.environment:checking '/home/abdelaali/dev_ws/install/two_wheeled_robot/lib/python3.10/site-packages'
[2.825s] Level 1:colcon.colcon_core.environment:checking '/home/abdelaali/dev_ws/install/two_wheeled_robot/bin'
[2.826s] INFO:colcon.colcon_core.shell:Creating package script '/home/abdelaali/dev_ws/install/two_wheeled_robot/share/two_wheeled_robot/package.ps1'
[2.829s] INFO:colcon.colcon_core.shell:Creating package descriptor '/home/abdelaali/dev_ws/install/two_wheeled_robot/share/two_wheeled_robot/package.dsv'
[2.831s] INFO:colcon.colcon_core.shell:Creating package script '/home/abdelaali/dev_ws/install/two_wheeled_robot/share/two_wheeled_robot/package.sh'
[2.835s] INFO:colcon.colcon_core.shell:Creating package script '/home/abdelaali/dev_ws/install/two_wheeled_robot/share/two_wheeled_robot/package.bash'
[2.838s] INFO:colcon.colcon_core.shell:Creating package script '/home/abdelaali/dev_ws/install/two_wheeled_robot/share/two_wheeled_robot/package.zsh'
[2.841s] Level 1:colcon.colcon_core.environment:create_file_with_runtime_dependencies(/home/abdelaali/dev_ws/install/two_wheeled_robot/share/colcon-core/packages/two_wheeled_robot)
[2.843s] Level 1:colcon.colcon_core.environment:create_environment_scripts_only(two_wheeled_robot)
[2.844s] Level 1:colcon.colcon_core.environment:checking '/home/abdelaali/dev_ws/install/two_wheeled_robot' for CMake module files
[2.846s] Level 1:colcon.colcon_core.environment:checking '/home/abdelaali/dev_ws/install/two_wheeled_robot' for CMake config files
[2.878s] Level 1:colcon.colcon_core.shell:create_environment_hook('two_wheeled_robot', 'cmake_prefix_path')
[2.879s] INFO:colcon.colcon_core.shell:Creating environment hook '/home/abdelaali/dev_ws/install/two_wheeled_robot/share/two_wheeled_robot/hook/cmake_prefix_path.ps1'
[2.881s] INFO:colcon.colcon_core.shell:Creating environment descriptor '/home/abdelaali/dev_ws/install/two_wheeled_robot/share/two_wheeled_robot/hook/cmake_prefix_path.dsv'
[2.882s] INFO:colcon.colcon_core.shell:Creating environment hook '/home/abdelaali/dev_ws/install/two_wheeled_robot/share/two_wheeled_robot/hook/cmake_prefix_path.sh'
[2.885s] Level 1:colcon.colcon_core.environment:checking '/home/abdelaali/dev_ws/install/two_wheeled_robot/lib'
[2.885s] Level 1:colcon.colcon_core.environment:checking '/home/abdelaali/dev_ws/install/two_wheeled_robot/bin'
[2.885s] Level 1:colcon.colcon_core.environment:checking '/home/abdelaali/dev_ws/install/two_wheeled_robot/lib/pkgconfig/two_wheeled_robot.pc'
[2.886s] Level 1:colcon.colcon_core.environment:checking '/home/abdelaali/dev_ws/install/two_wheeled_robot/lib/python3.10/site-packages'
[2.887s] Level 1:colcon.colcon_core.environment:checking '/home/abdelaali/dev_ws/install/two_wheeled_robot/bin'
[2.888s] INFO:colcon.colcon_core.shell:Creating package script '/home/abdelaali/dev_ws/install/two_wheeled_robot/share/two_wheeled_robot/package.ps1'
[2.889s] INFO:colcon.colcon_core.shell:Creating package descriptor '/home/abdelaali/dev_ws/install/two_wheeled_robot/share/two_wheeled_robot/package.dsv'
[2.891s] INFO:colcon.colcon_core.shell:Creating package script '/home/abdelaali/dev_ws/install/two_wheeled_robot/share/two_wheeled_robot/package.sh'
[2.893s] INFO:colcon.colcon_core.shell:Creating package script '/home/abdelaali/dev_ws/install/two_wheeled_robot/share/two_wheeled_robot/package.bash'
[2.895s] INFO:colcon.colcon_core.shell:Creating package script '/home/abdelaali/dev_ws/install/two_wheeled_robot/share/two_wheeled_robot/package.zsh'
[2.896s] Level 1:colcon.colcon_core.environment:create_file_with_runtime_dependencies(/home/abdelaali/dev_ws/install/two_wheeled_robot/share/colcon-core/packages/two_wheeled_robot)
[2.897s] DEBUG:colcon.colcon_parallel_executor.executor.parallel:closing loop
[2.898s] DEBUG:colcon.colcon_parallel_executor.executor.parallel:loop closed
[2.899s] DEBUG:colcon.colcon_parallel_executor.executor.parallel:run_until_complete finished with '0'
[2.899s] DEBUG:colcon.colcon_core.event_reactor:joining thread
[2.915s] INFO:colcon.colcon_core.plugin_system:Skipping extension 'colcon_notification.desktop_notification.terminal_notifier': Not used on non-Darwin systems
[2.915s] INFO:colcon.colcon_core.plugin_system:Skipping extension 'colcon_notification.desktop_notification.win32': Not used on non-Windows systems
[2.915s] INFO:colcon.colcon_notification.desktop_notification:Sending desktop notification using 'notify2'
[2.981s] DEBUG:colcon.colcon_core.event_reactor:joined thread
[2.982s] INFO:colcon.colcon_core.shell:Creating prefix script '/home/abdelaali/dev_ws/install/local_setup.ps1'
[2.985s] INFO:colcon.colcon_core.shell:Creating prefix util module '/home/abdelaali/dev_ws/install/_local_setup_util_ps1.py'
[2.989s] INFO:colcon.colcon_core.shell:Creating prefix chain script '/home/abdelaali/dev_ws/install/setup.ps1'
[2.993s] INFO:colcon.colcon_core.shell:Creating prefix script '/home/abdelaali/dev_ws/install/local_setup.sh'
[2.995s] INFO:colcon.colcon_core.shell:Creating prefix util module '/home/abdelaali/dev_ws/install/_local_setup_util_sh.py'
[2.997s] INFO:colcon.colcon_core.shell:Creating prefix chain script '/home/abdelaali/dev_ws/install/setup.sh'
[3.000s] INFO:colcon.colcon_core.shell:Creating prefix script '/home/abdelaali/dev_ws/install/local_setup.bash'
[3.002s] INFO:colcon.colcon_core.shell:Creating prefix chain script '/home/abdelaali/dev_ws/install/setup.bash'
[3.005s] INFO:colcon.colcon_core.shell:Creating prefix script '/home/abdelaali/dev_ws/install/local_setup.zsh'
[3.008s] INFO:colcon.colcon_core.shell:Creating prefix chain script '/home/abdelaali/dev_ws/install/setup.zsh'
