[0.455s] DEBUG:colcon:Command line arguments: ['/usr/bin/colcon', 'build']
[0.456s] DEBUG:colcon:Parsed command line arguments: Namespace(log_base=None, log_level=None, verb_name='build', build_base='build', install_base='install', merge_install=False, symlink_install=False, test_result_base=None, continue_on_error=False, executor='parallel', parallel_workers=4, event_handlers=None, ignore_user_meta=False, metas=['./colcon.meta'], base_paths=['.'], packages_ignore=None, packages_ignore_regex=None, paths=None, packages_up_to=None, packages_up_to_regex=None, packages_above=None, packages_above_and_dependencies=None, packages_above_depth=None, packages_select_by_dep=None, packages_skip_by_dep=None, packages_skip_up_to=None, packages_select_build_failed=False, packages_skip_build_finished=False, packages_select_test_failures=False, packages_skip_test_passed=False, packages_select=None, packages_skip=None, packages_select_regex=None, packages_skip_regex=None, packages_start=None, packages_end=None, allow_overriding=[], cmake_args=None, cmake_target=None, cmake_target_skip_unavailable=False, cmake_clean_cache=False, cmake_clean_first=False, cmake_force_configure=False, ament_cmake_args=None, catkin_cmake_args=None, catkin_skip_building_tests=False, verb_parser=<colcon_defaults.argument_parser.defaults.DefaultArgumentsDecorator object at 0x74521393e710>, verb_extension=<colcon_core.verb.build.BuildVerb object at 0x745213adb520>, main=<bound method BuildVerb.main of <colcon_core.verb.build.BuildVerb object at 0x745213adb520>>)
[5.087s] Level 1:colcon.colcon_core.package_discovery:discover_packages(colcon_meta) check parameters
[5.088s] Level 1:colcon.colcon_core.package_discovery:discover_packages(recursive) check parameters
[5.088s] Level 1:colcon.colcon_core.package_discovery:discover_packages(ignore) check parameters
[5.088s] Level 1:colcon.colcon_core.package_discovery:discover_packages(path) check parameters
[5.088s] Level 1:colcon.colcon_core.package_discovery:discover_packages(colcon_meta) discover
[5.088s] Level 1:colcon.colcon_core.package_discovery:discover_packages(recursive) discover
[5.088s] INFO:colcon.colcon_core.package_discovery:Crawling recursively for packages in '/home/abdelaali/dev_ws'
[5.089s] Level 1:colcon.colcon_core.package_identification:_identify(.) by extensions ['ignore', 'ignore_ament_install']
[5.089s] Level 1:colcon.colcon_core.package_identification:_identify(.) by extension 'ignore'
[5.089s] Level 1:colcon.colcon_core.package_identification:_identify(.) by extension 'ignore_ament_install'
[5.090s] Level 1:colcon.colcon_core.package_identification:_identify(.) by extensions ['colcon_pkg']
[5.090s] Level 1:colcon.colcon_core.package_identification:_identify(.) by extension 'colcon_pkg'
[5.090s] Level 1:colcon.colcon_core.package_identification:_identify(.) by extensions ['colcon_meta']
[5.090s] Level 1:colcon.colcon_core.package_identification:_identify(.) by extension 'colcon_meta'
[5.090s] Level 1:colcon.colcon_core.package_identification:_identify(.) by extensions ['ros']
[5.090s] Level 1:colcon.colcon_core.package_identification:_identify(.) by extension 'ros'
[5.184s] Level 1:colcon.colcon_core.package_identification:_identify(.) by extensions ['cmake', 'python']
[5.184s] Level 1:colcon.colcon_core.package_identification:_identify(.) by extension 'cmake'
[5.184s] Level 1:colcon.colcon_core.package_identification:_identify(.) by extension 'python'
[5.184s] Level 1:colcon.colcon_core.package_identification:_identify(.) by extensions ['python_setup_py']
[5.184s] Level 1:colcon.colcon_core.package_identification:_identify(.) by extension 'python_setup_py'
[5.184s] Level 1:colcon.colcon_core.package_identification:_identify(build) by extensions ['ignore', 'ignore_ament_install']
[5.184s] Level 1:colcon.colcon_core.package_identification:_identify(build) by extension 'ignore'
[5.185s] Level 1:colcon.colcon_core.package_identification:_identify(build) ignored
[5.185s] Level 1:colcon.colcon_core.package_identification:_identify(install) by extensions ['ignore', 'ignore_ament_install']
[5.185s] Level 1:colcon.colcon_core.package_identification:_identify(install) by extension 'ignore'
[5.185s] Level 1:colcon.colcon_core.package_identification:_identify(install) ignored
[5.185s] Level 1:colcon.colcon_core.package_identification:_identify(log) by extensions ['ignore', 'ignore_ament_install']
[5.185s] Level 1:colcon.colcon_core.package_identification:_identify(log) by extension 'ignore'
[5.185s] Level 1:colcon.colcon_core.package_identification:_identify(log) ignored
[5.209s] Level 1:colcon.colcon_core.package_identification:_identify(src) by extensions ['ignore', 'ignore_ament_install']
[5.209s] Level 1:colcon.colcon_core.package_identification:_identify(src) by extension 'ignore'
[5.209s] Level 1:colcon.colcon_core.package_identification:_identify(src) by extension 'ignore_ament_install'
[5.210s] Level 1:colcon.colcon_core.package_identification:_identify(src) by extensions ['colcon_pkg']
[5.210s] Level 1:colcon.colcon_core.package_identification:_identify(src) by extension 'colcon_pkg'
[5.210s] Level 1:colcon.colcon_core.package_identification:_identify(src) by extensions ['colcon_meta']
[5.210s] Level 1:colcon.colcon_core.package_identification:_identify(src) by extension 'colcon_meta'
[5.210s] Level 1:colcon.colcon_core.package_identification:_identify(src) by extensions ['ros']
[5.210s] Level 1:colcon.colcon_core.package_identification:_identify(src) by extension 'ros'
[5.211s] Level 1:colcon.colcon_core.package_identification:_identify(src) by extensions ['cmake', 'python']
[5.211s] Level 1:colcon.colcon_core.package_identification:_identify(src) by extension 'cmake'
[5.211s] Level 1:colcon.colcon_core.package_identification:_identify(src) by extension 'python'
[5.211s] Level 1:colcon.colcon_core.package_identification:_identify(src) by extensions ['python_setup_py']
[5.211s] Level 1:colcon.colcon_core.package_identification:_identify(src) by extension 'python_setup_py'
[5.225s] Level 1:colcon.colcon_core.package_identification:_identify(src/two_wheeled_robot) by extensions ['ignore', 'ignore_ament_install']
[5.226s] Level 1:colcon.colcon_core.package_identification:_identify(src/two_wheeled_robot) by extension 'ignore'
[5.226s] Level 1:colcon.colcon_core.package_identification:_identify(src/two_wheeled_robot) by extension 'ignore_ament_install'
[5.226s] Level 1:colcon.colcon_core.package_identification:_identify(src/two_wheeled_robot) by extensions ['colcon_pkg']
[5.226s] Level 1:colcon.colcon_core.package_identification:_identify(src/two_wheeled_robot) by extension 'colcon_pkg'
[5.226s] Level 1:colcon.colcon_core.package_identification:_identify(src/two_wheeled_robot) by extensions ['colcon_meta']
[5.227s] Level 1:colcon.colcon_core.package_identification:_identify(src/two_wheeled_robot) by extension 'colcon_meta'
[5.227s] Level 1:colcon.colcon_core.package_identification:_identify(src/two_wheeled_robot) by extensions ['ros']
[5.227s] Level 1:colcon.colcon_core.package_identification:_identify(src/two_wheeled_robot) by extension 'ros'
[5.243s] DEBUG:colcon.colcon_core.package_identification:Package 'src/two_wheeled_robot' with type 'ros.ament_cmake' and name 'two_wheeled_robot'
[5.243s] Level 1:colcon.colcon_core.package_discovery:discover_packages(recursive) using defaults
[5.243s] Level 1:colcon.colcon_core.package_discovery:discover_packages(ignore) discover
[5.243s] Level 1:colcon.colcon_core.package_discovery:discover_packages(ignore) using defaults
[5.243s] Level 1:colcon.colcon_core.package_discovery:discover_packages(path) discover
[5.244s] Level 1:colcon.colcon_core.package_discovery:discover_packages(path) using defaults
[5.499s] Level 1:colcon.colcon_core.package_discovery:discover_packages(prefix_path) check parameters
[5.499s] Level 1:colcon.colcon_core.package_discovery:discover_packages(prefix_path) discover
[5.507s] DEBUG:colcon.colcon_installed_package_information.package_discovery:Found 1 installed packages in /home/abdelaali/dev_ws/install
[5.511s] DEBUG:colcon.colcon_installed_package_information.package_discovery:Found 411 installed packages in /opt/ros/humble
[5.515s] Level 1:colcon.colcon_core.package_discovery:discover_packages(prefix_path) using defaults
[5.687s] Level 5:colcon.colcon_core.verb:set package 'two_wheeled_robot' build argument 'cmake_args' from command line to 'None'
[5.687s] Level 5:colcon.colcon_core.verb:set package 'two_wheeled_robot' build argument 'cmake_target' from command line to 'None'
[5.687s] Level 5:colcon.colcon_core.verb:set package 'two_wheeled_robot' build argument 'cmake_target_skip_unavailable' from command line to 'False'
[5.687s] Level 5:colcon.colcon_core.verb:set package 'two_wheeled_robot' build argument 'cmake_clean_cache' from command line to 'False'
[5.687s] Level 5:colcon.colcon_core.verb:set package 'two_wheeled_robot' build argument 'cmake_clean_first' from command line to 'False'
[5.687s] Level 5:colcon.colcon_core.verb:set package 'two_wheeled_robot' build argument 'cmake_force_configure' from command line to 'False'
[5.688s] Level 5:colcon.colcon_core.verb:set package 'two_wheeled_robot' build argument 'ament_cmake_args' from command line to 'None'
[5.688s] Level 5:colcon.colcon_core.verb:set package 'two_wheeled_robot' build argument 'catkin_cmake_args' from command line to 'None'
[5.688s] Level 5:colcon.colcon_core.verb:set package 'two_wheeled_robot' build argument 'catkin_skip_building_tests' from command line to 'False'
[5.688s] DEBUG:colcon.colcon_core.verb:Building package 'two_wheeled_robot' with the following arguments: {'ament_cmake_args': None, 'build_base': '/home/abdelaali/dev_ws/build/two_wheeled_robot', 'catkin_cmake_args': None, 'catkin_skip_building_tests': False, 'cmake_args': None, 'cmake_clean_cache': False, 'cmake_clean_first': False, 'cmake_force_configure': False, 'cmake_target': None, 'cmake_target_skip_unavailable': False, 'install_base': '/home/abdelaali/dev_ws/install/two_wheeled_robot', 'merge_install': False, 'path': '/home/abdelaali/dev_ws/src/two_wheeled_robot', 'symlink_install': False, 'test_result_base': None}
[5.688s] INFO:colcon.colcon_core.executor:Executing jobs using 'parallel' executor
[5.691s] DEBUG:colcon.colcon_parallel_executor.executor.parallel:run_until_complete
[5.692s] INFO:colcon.colcon_ros.task.ament_cmake.build:Building ROS package in '/home/abdelaali/dev_ws/src/two_wheeled_robot' with build type 'ament_cmake'
[5.692s] INFO:colcon.colcon_cmake.task.cmake.build:Building CMake package in '/home/abdelaali/dev_ws/src/two_wheeled_robot'
[5.714s] INFO:colcon.colcon_core.plugin_system:Skipping extension 'colcon_core.shell.bat': Not used on non-Windows systems
[5.715s] INFO:colcon.colcon_core.shell:Skip shell extension 'powershell' for command environment: Not usable outside of PowerShell
[5.715s] DEBUG:colcon.colcon_core.shell:Skip shell extension 'dsv' for command environment
[5.795s] DEBUG:colcon.colcon_core.event_handler.log_command:Invoking command in '/home/abdelaali/dev_ws/build/two_wheeled_robot': CMAKE_PREFIX_PATH=${CMAKE_PREFIX_PATH}:/opt/ros/humble /usr/bin/cmake --build /home/abdelaali/dev_ws/build/two_wheeled_robot -- -j4 -l4
[7.339s] DEBUG:colcon.colcon_core.event_handler.log_command:Invoked command in '/home/abdelaali/dev_ws/build/two_wheeled_robot' returned '0': CMAKE_PREFIX_PATH=${CMAKE_PREFIX_PATH}:/opt/ros/humble /usr/bin/cmake --build /home/abdelaali/dev_ws/build/two_wheeled_robot -- -j4 -l4
[7.379s] DEBUG:colcon.colcon_core.event_handler.log_command:Invoking command in '/home/abdelaali/dev_ws/build/two_wheeled_robot': CMAKE_PREFIX_PATH=${CMAKE_PREFIX_PATH}:/opt/ros/humble /usr/bin/cmake --install /home/abdelaali/dev_ws/build/two_wheeled_robot
[8.100s] Level 1:colcon.colcon_core.environment:create_environment_scripts_only(two_wheeled_robot)
[8.193s] DEBUG:colcon.colcon_core.event_handler.log_command:Invoked command in '/home/abdelaali/dev_ws/build/two_wheeled_robot' returned '0': CMAKE_PREFIX_PATH=${CMAKE_PREFIX_PATH}:/opt/ros/humble /usr/bin/cmake --install /home/abdelaali/dev_ws/build/two_wheeled_robot
[8.242s] Level 1:colcon.colcon_core.environment:checking '/home/abdelaali/dev_ws/install/two_wheeled_robot' for CMake module files
[8.245s] Level 1:colcon.colcon_core.environment:checking '/home/abdelaali/dev_ws/install/two_wheeled_robot' for CMake config files
[8.294s] Level 1:colcon.colcon_core.shell:create_environment_hook('two_wheeled_robot', 'cmake_prefix_path')
[8.295s] INFO:colcon.colcon_core.shell:Creating environment hook '/home/abdelaali/dev_ws/install/two_wheeled_robot/share/two_wheeled_robot/hook/cmake_prefix_path.ps1'
[8.306s] INFO:colcon.colcon_core.shell:Creating environment descriptor '/home/abdelaali/dev_ws/install/two_wheeled_robot/share/two_wheeled_robot/hook/cmake_prefix_path.dsv'
[8.329s] INFO:colcon.colcon_core.shell:Creating environment hook '/home/abdelaali/dev_ws/install/two_wheeled_robot/share/two_wheeled_robot/hook/cmake_prefix_path.sh'
[8.332s] Level 1:colcon.colcon_core.environment:checking '/home/abdelaali/dev_ws/install/two_wheeled_robot/lib'
[8.332s] Level 1:colcon.colcon_core.environment:checking '/home/abdelaali/dev_ws/install/two_wheeled_robot/bin'
[8.333s] Level 1:colcon.colcon_core.environment:checking '/home/abdelaali/dev_ws/install/two_wheeled_robot/lib/pkgconfig/two_wheeled_robot.pc'
[8.333s] Level 1:colcon.colcon_core.environment:checking '/home/abdelaali/dev_ws/install/two_wheeled_robot/lib/python3.10/site-packages'
[8.334s] Level 1:colcon.colcon_core.environment:checking '/home/abdelaali/dev_ws/install/two_wheeled_robot/bin'
[8.334s] INFO:colcon.colcon_core.shell:Creating package script '/home/abdelaali/dev_ws/install/two_wheeled_robot/share/two_wheeled_robot/package.ps1'
[8.338s] INFO:colcon.colcon_core.shell:Creating package descriptor '/home/abdelaali/dev_ws/install/two_wheeled_robot/share/two_wheeled_robot/package.dsv'
[8.341s] INFO:colcon.colcon_core.shell:Creating package script '/home/abdelaali/dev_ws/install/two_wheeled_robot/share/two_wheeled_robot/package.sh'
[8.343s] INFO:colcon.colcon_core.shell:Creating package script '/home/abdelaali/dev_ws/install/two_wheeled_robot/share/two_wheeled_robot/package.bash'
[8.383s] INFO:colcon.colcon_core.shell:Creating package script '/home/abdelaali/dev_ws/install/two_wheeled_robot/share/two_wheeled_robot/package.zsh'
[8.388s] Level 1:colcon.colcon_core.environment:create_file_with_runtime_dependencies(/home/abdelaali/dev_ws/install/two_wheeled_robot/share/colcon-core/packages/two_wheeled_robot)
[8.391s] Level 1:colcon.colcon_core.environment:create_environment_scripts_only(two_wheeled_robot)
[8.392s] Level 1:colcon.colcon_core.environment:checking '/home/abdelaali/dev_ws/install/two_wheeled_robot' for CMake module files
[8.395s] Level 1:colcon.colcon_core.environment:checking '/home/abdelaali/dev_ws/install/two_wheeled_robot' for CMake config files
[8.435s] Level 1:colcon.colcon_core.shell:create_environment_hook('two_wheeled_robot', 'cmake_prefix_path')
[8.437s] INFO:colcon.colcon_core.shell:Creating environment hook '/home/abdelaali/dev_ws/install/two_wheeled_robot/share/two_wheeled_robot/hook/cmake_prefix_path.ps1'
[8.439s] INFO:colcon.colcon_core.shell:Creating environment descriptor '/home/abdelaali/dev_ws/install/two_wheeled_robot/share/two_wheeled_robot/hook/cmake_prefix_path.dsv'
[8.441s] INFO:colcon.colcon_core.shell:Creating environment hook '/home/abdelaali/dev_ws/install/two_wheeled_robot/share/two_wheeled_robot/hook/cmake_prefix_path.sh'
[8.443s] Level 1:colcon.colcon_core.environment:checking '/home/abdelaali/dev_ws/install/two_wheeled_robot/lib'
[8.443s] Level 1:colcon.colcon_core.environment:checking '/home/abdelaali/dev_ws/install/two_wheeled_robot/bin'
[8.443s] Level 1:colcon.colcon_core.environment:checking '/home/abdelaali/dev_ws/install/two_wheeled_robot/lib/pkgconfig/two_wheeled_robot.pc'
[8.444s] Level 1:colcon.colcon_core.environment:checking '/home/abdelaali/dev_ws/install/two_wheeled_robot/lib/python3.10/site-packages'
[8.444s] Level 1:colcon.colcon_core.environment:checking '/home/abdelaali/dev_ws/install/two_wheeled_robot/bin'
[8.445s] INFO:colcon.colcon_core.shell:Creating package script '/home/abdelaali/dev_ws/install/two_wheeled_robot/share/two_wheeled_robot/package.ps1'
[8.446s] INFO:colcon.colcon_core.shell:Creating package descriptor '/home/abdelaali/dev_ws/install/two_wheeled_robot/share/two_wheeled_robot/package.dsv'
[8.448s] INFO:colcon.colcon_core.shell:Creating package script '/home/abdelaali/dev_ws/install/two_wheeled_robot/share/two_wheeled_robot/package.sh'
[8.450s] INFO:colcon.colcon_core.shell:Creating package script '/home/abdelaali/dev_ws/install/two_wheeled_robot/share/two_wheeled_robot/package.bash'
[8.452s] INFO:colcon.colcon_core.shell:Creating package script '/home/abdelaali/dev_ws/install/two_wheeled_robot/share/two_wheeled_robot/package.zsh'
[8.454s] Level 1:colcon.colcon_core.environment:create_file_with_runtime_dependencies(/home/abdelaali/dev_ws/install/two_wheeled_robot/share/colcon-core/packages/two_wheeled_robot)
[8.455s] DEBUG:colcon.colcon_parallel_executor.executor.parallel:closing loop
[8.456s] DEBUG:colcon.colcon_parallel_executor.executor.parallel:loop closed
[8.457s] DEBUG:colcon.colcon_parallel_executor.executor.parallel:run_until_complete finished with '0'
[8.457s] DEBUG:colcon.colcon_core.event_reactor:joining thread
[8.476s] INFO:colcon.colcon_core.plugin_system:Skipping extension 'colcon_notification.desktop_notification.terminal_notifier': Not used on non-Darwin systems
[8.476s] INFO:colcon.colcon_core.plugin_system:Skipping extension 'colcon_notification.desktop_notification.win32': Not used on non-Windows systems
[8.476s] INFO:colcon.colcon_notification.desktop_notification:Sending desktop notification using 'notify2'
[8.542s] DEBUG:colcon.colcon_core.event_reactor:joined thread
[8.543s] INFO:colcon.colcon_core.shell:Creating prefix script '/home/abdelaali/dev_ws/install/local_setup.ps1'
[8.546s] INFO:colcon.colcon_core.shell:Creating prefix util module '/home/abdelaali/dev_ws/install/_local_setup_util_ps1.py'
[8.550s] INFO:colcon.colcon_core.shell:Creating prefix chain script '/home/abdelaali/dev_ws/install/setup.ps1'
[8.554s] INFO:colcon.colcon_core.shell:Creating prefix script '/home/abdelaali/dev_ws/install/local_setup.sh'
[8.557s] INFO:colcon.colcon_core.shell:Creating prefix util module '/home/abdelaali/dev_ws/install/_local_setup_util_sh.py'
[8.558s] INFO:colcon.colcon_core.shell:Creating prefix chain script '/home/abdelaali/dev_ws/install/setup.sh'
[8.562s] INFO:colcon.colcon_core.shell:Creating prefix script '/home/abdelaali/dev_ws/install/local_setup.bash'
[8.563s] INFO:colcon.colcon_core.shell:Creating prefix chain script '/home/abdelaali/dev_ws/install/setup.bash'
[8.567s] INFO:colcon.colcon_core.shell:Creating prefix script '/home/abdelaali/dev_ws/install/local_setup.zsh'
[8.569s] INFO:colcon.colcon_core.shell:Creating prefix chain script '/home/abdelaali/dev_ws/install/setup.zsh'
